<?xml version="1.0" encoding="UTF-8"?>
<!-- Generated by org.testng.reporters.JUnitXMLReporter -->
<testsuite ignored="4" hostname="DESKTOP-ARF3BKM" failures="1" tests="4" name="Test" time="177.169" errors="0" timestamp="2023-06-21T11:53:45 IST">
  <testcase classname="Frame_test_Khan_Academy.Test_Khan_Academy" name="perform_on_Cryptography" time="52.308"/>
  <testcase classname="Frame_test_Khan_Academy.Test_Khan_Academy" name="bookmarks_verification" time="22.563"/>
  <testcase classname="Frame_test_Khan_Academy.Test_Khan_Academy" name="removing_bookmarks" time="16.071"/>
  <testcase classname="Frame_test_Khan_Academy.Test_life_skills" name="life_skills" time="48.47">
    <failure type="java.lang.NullPointerException" message="Cannot invoke &amp;quot;io.appium.java_client.service.local.AppiumDriverLocalService.stop()&amp;quot; because &amp;quot;this.service&amp;quot; is null">
      <![CDATA[java.lang.NullPointerException: Cannot invoke "io.appium.java_client.service.local.AppiumDriverLocalService.stop()" because "this.service" is null
at Frame_test_Khan_Academy.Test_life_skills.life_skills(Test_life_skills.java:60)
at java.base/java.util.ArrayList.forEach(ArrayList.java:1511)
... Removed 25 stack frames]]>
    </failure>
  </testcase> <!-- life_skills -->
  <testcase classname="Frame_test_Khan_Academy.Test_Khan_Academy" name="Back_to_Homescreen" time="0.0">
    <ignored/>
  </testcase> <!-- Back_to_Homescreen -->
  <testcase classname="Frame_test_Khan_Academy.Test_Khan_Academy" name="information_module" time="0.0">
    <ignored/>
  </testcase> <!-- information_module -->
  <testcase classname="Frame_test_Khan_Academy.Test_Khan_Academy" name="Playing_video" time="0.0">
    <ignored/>
  </testcase> <!-- Playing_video -->
  <testcase classname="Frame_test_Khan_Academy.Test_Khan_Academy" name="perform_on_life_skills" time="0.0">
    <ignored/>
  </testcase> <!-- perform_on_life_skills -->
</testsuite> <!-- Test -->
